<?xml version="1.0" encoding="UTF-8"?>
<!-- Generated by org.testng.reporters.JUnitXMLReporter -->
<testsuite ignored="25" hostname="Harshitha-PC" failures="0" tests="1" name="Default test" time="3.598" errors="0" timestamp="2023-10-28T02:03:32 GMT-04:00">
  <testcase classname="com.ExcelRPorject3.Amazon.TestCasesImplementation" name="homePage_Validation" time="0.086"/>
  <testcase classname="com.ExcelRPorject3.Amazon.TestCasesImplementation" name="loginWithValidCredentials" time="0.0">
    <ignored/>
  </testcase> <!-- loginWithValidCredentials -->
  <testcase classname="com.ExcelRPorject3.Amazon.TestCasesImplementation" name="loginWithInvalidCredentials" time="0.0">
    <ignored/>
  </testcase> <!-- loginWithInvalidCredentials -->
  <testcase classname="com.ExcelRPorject3.Amazon.TestCasesImplementation" name="otherLang_Validation" time="0.0">
    <ignored/>
  </testcase> <!-- otherLang_Validation -->
  <testcase classname="com.ExcelRPorject3.Amazon.TestCasesImplementation" name="ProductThroughSearchTextBox_Validation" time="0.0">
    <ignored/>
  </testcase> <!-- ProductThroughSearchTextBox_Validation -->
  <testcase classname="com.ExcelRPorject3.Amazon.TestCasesImplementation" name="Product1Details_Validation" time="0.0">
    <ignored/>
  </testcase> <!-- Product1Details_Validation -->
  <testcase classname="com.ExcelRPorject3.Amazon.TestCasesImplementation" name="NoOfLanguages_Validation" time="0.0">
    <ignored/>
  </testcase> <!-- NoOfLanguages_Validation -->
  <testcase classname="com.ExcelRPorject3.Amazon.TestCasesImplementation" name="searchProductWithPriceFilter_Validation" time="0.0">
    <ignored/>
  </testcase> <!-- searchProductWithPriceFilter_Validation -->
  <testcase classname="com.ExcelRPorject3.Amazon.TestCasesImplementation" name="changeCountryToCanada_Validation" time="0.0">
    <ignored/>
  </testcase> <!-- changeCountryToCanada_Validation -->
  <testcase classname="com.ExcelRPorject3.Amazon.TestCasesImplementation" name="createAccount" time="0.0">
    <ignored/>
  </testcase> <!-- createAccount -->
  <testcase classname="com.ExcelRPorject3.Amazon.TestCasesImplementation" name="HeaderAndAllDropdownElementsValidation" time="0.0">
    <ignored/>
  </testcase> <!-- HeaderAndAllDropdownElementsValidation -->
  <testcase classname="com.ExcelRPorject3.Amazon.TestCasesImplementation" name="delteItemBeforeProceedToBuy_Validation" time="0.0">
    <ignored/>
  </testcase> <!-- delteItemBeforeProceedToBuy_Validation -->
  <testcase classname="com.ExcelRPorject3.Amazon.TestCasesImplementation" name="GlobalElectronics_Validation" time="0.0">
    <ignored/>
  </testcase> <!-- GlobalElectronics_Validation -->
  <testcase classname="com.ExcelRPorject3.Amazon.TestCasesImplementation" name="changeInQuantityValidation" time="0.0">
    <ignored/>
  </testcase> <!-- changeInQuantityValidation -->
  <testcase classname="com.ExcelRPorject3.Amazon.TestCasesImplementation" name="AddProductsToCart_Validation" time="0.0">
    <ignored/>
  </testcase> <!-- AddProductsToCart_Validation -->
  <testcase classname="com.ExcelRPorject3.Amazon.TestCasesImplementation" name="proceedToBuyValidation" time="0.0">
    <ignored/>
  </testcase> <!-- proceedToBuyValidation -->
  <testcase classname="com.ExcelRPorject3.Amazon.TestCasesImplementation" name="homePageSignIn_Validation" time="0.0">
    <ignored/>
  </testcase> <!-- homePageSignIn_Validation -->
  <testcase classname="com.ExcelRPorject3.Amazon.TestCasesImplementation" name="searchProductWithMultipleFilters_Validation" time="0.0">
    <ignored/>
  </testcase> <!-- searchProductWithMultipleFilters_Validation -->
  <testcase classname="com.ExcelRPorject3.Amazon.TestCasesImplementation" name="defaultLanguage_Validation" time="0.0">
    <ignored/>
  </testcase> <!-- defaultLanguage_Validation -->
  <testcase classname="com.ExcelRPorject3.Amazon.TestCasesImplementation" name="GlobalHome_Kitchen_Validation" time="0.0">
    <ignored/>
  </testcase> <!-- GlobalHome_Kitchen_Validation -->
  <testcase classname="com.ExcelRPorject3.Amazon.TestCasesImplementation" name="addToSaveLaterBeforeProceedToBuy_Validation" time="0.0">
    <ignored/>
  </testcase> <!-- addToSaveLaterBeforeProceedToBuy_Validation -->
  <testcase classname="com.ExcelRPorject3.Amazon.TestCasesImplementation" name="AddToWishListThroughSearchTextBox" time="0.0">
    <ignored/>
  </testcase> <!-- AddToWishListThroughSearchTextBox -->
  <testcase classname="com.ExcelRPorject3.Amazon.TestCasesImplementation" name="changeCountryToGermany_Validation" time="0.0">
    <ignored/>
  </testcase> <!-- changeCountryToGermany_Validation -->
  <testcase classname="com.ExcelRPorject3.Amazon.TestCasesImplementation" name="Product2Details_Validation" time="0.0">
    <ignored/>
  </testcase> <!-- Product2Details_Validation -->
  <testcase classname="com.ExcelRPorject3.Amazon.TestCasesImplementation" name="GlobalSearchBox_Validation" time="0.0">
    <ignored/>
  </testcase> <!-- GlobalSearchBox_Validation -->
  <testcase classname="com.ExcelRPorject3.Amazon.TestCasesImplementation" name="searchProductWithBrandFilter_Validation" time="0.0">
    <ignored/>
  </testcase> <!-- searchProductWithBrandFilter_Validation -->
</testsuite> <!-- Default test -->
